This file contains any messages produced by compilers while
running configure, to aid debugging if configure makes a mistake.

It was created by pnl configure 0.2.23, which was
generated by GNU Autoconf 2.59.  Invocation command line was

  $ ./configure --enable-shared --enable-static--prefix=../pnl-install CC=gcc-4.6 CXX=g++-4.6 --no-create --no-recursion

## --------- ##
## Platform. ##
## --------- ##

hostname = windchimes
uname -m = x86_64
uname -r = 3.13.0-63-generic
uname -s = Linux
uname -v = #103-Ubuntu SMP Fri Aug 14 21:42:59 UTC 2015

/usr/bin/uname -p = unknown
/bin/uname -X     = unknown

/bin/arch              = unknown
/usr/bin/arch -k       = unknown
/usr/convex/getsysinfo = unknown
hostinfo               = unknown
/bin/machine           = unknown
/usr/bin/oslevel       = unknown
/bin/universe          = unknown

PATH: /usr/local/sbin
PATH: /usr/local/bin
PATH: /usr/sbin
PATH: /usr/bin
PATH: /sbin
PATH: /bin
PATH: /usr/games
PATH: /usr/local/games


## ----------- ##
## Core tests. ##
## ----------- ##

configure:1559: checking for a BSD-compatible install
configure:1614: result: /usr/bin/install -c
configure:1625: checking whether build environment is sane
configure:1668: result: yes
configure:1725: checking for gawk
configure:1754: result: no
configure:1725: checking for mawk
configure:1741: found /usr/bin/mawk
configure:1751: result: mawk
configure:1761: checking whether make sets $(MAKE)
configure:1781: result: yes
configure:1945: checking whether to enable maintainer-specific portions of Makefiles
configure:1954: result: no
configure:1986: checking build system type
configure:2004: result: x86_64-unknown-linux-gnu
configure:2012: checking host system type
configure:2026: result: x86_64-unknown-linux-gnu
configure:2034: checking target system type
configure:2048: result: x86_64-unknown-linux-gnu
configure:2108: checking for gcc
configure:2134: result: gcc-4.6
configure:2378: checking for C compiler version
configure:2381: gcc-4.6 --version </dev/null >&5
./configure: line 2382: gcc-4.6: command not found
configure:2384: $? = 127
configure:2386: gcc-4.6 -v </dev/null >&5
./configure: line 2387: gcc-4.6: command not found
configure:2389: $? = 127
configure:2391: gcc-4.6 -V </dev/null >&5
./configure: line 2392: gcc-4.6: command not found
configure:2394: $? = 127
configure:2417: checking for C compiler default output file name
configure:2420: gcc-4.6    conftest.c  >&5
./configure: line 2421: gcc-4.6: command not found
configure:2423: $? = 127
configure: failed program was:
| /* confdefs.h.  */
| 
| #define PACKAGE_NAME "pnl"
| #define PACKAGE_TARNAME "pnl"
| #define PACKAGE_VERSION "0.2.23"
| #define PACKAGE_STRING "pnl 0.2.23"
| #define PACKAGE_BUGREPORT ""
| #define PACKAGE "pnl"
| #define VERSION "0.2.23"
| /* end confdefs.h.  */
| 
| int
| main ()
| {
| 
|   ;
|   return 0;
| }
configure:2462: error: C compiler cannot create executables
See `config.log' for more details.

## ---------------- ##
## Cache variables. ##
## ---------------- ##

ac_cv_build=x86_64-unknown-linux-gnu
ac_cv_build_alias=x86_64-unknown-linux-gnu
ac_cv_env_CC_set=set
ac_cv_env_CC_value=gcc-4.6
ac_cv_env_CFLAGS_set=
ac_cv_env_CFLAGS_value=
ac_cv_env_CPPFLAGS_set=
ac_cv_env_CPPFLAGS_value=
ac_cv_env_CPP_set=
ac_cv_env_CPP_value=
ac_cv_env_CXXCPP_set=
ac_cv_env_CXXCPP_value=
ac_cv_env_CXXFLAGS_set=
ac_cv_env_CXXFLAGS_value=
ac_cv_env_CXX_set=set
ac_cv_env_CXX_value=g++-4.6
ac_cv_env_F77_set=
ac_cv_env_F77_value=
ac_cv_env_FFLAGS_set=
ac_cv_env_FFLAGS_value=
ac_cv_env_LDFLAGS_set=
ac_cv_env_LDFLAGS_value=
ac_cv_env_build_alias_set=
ac_cv_env_build_alias_value=
ac_cv_env_host_alias_set=
ac_cv_env_host_alias_value=
ac_cv_env_target_alias_set=
ac_cv_env_target_alias_value=
ac_cv_host=x86_64-unknown-linux-gnu
ac_cv_host_alias=x86_64-unknown-linux-gnu
ac_cv_path_install='/usr/bin/install -c'
ac_cv_prog_AWK=mawk
ac_cv_prog_ac_ct_CC=gcc-4.6
ac_cv_prog_make_make_set=yes
ac_cv_target=x86_64-unknown-linux-gnu
ac_cv_target_alias=x86_64-unknown-linux-gnu

## ----------------- ##
## Output variables. ##
## ----------------- ##

ACLOCAL='${SHELL} /home/vinay/workspace/gitlab/Open-PNL/engines/PNL/missing --run aclocal-1.8'
AMDEPBACKSLASH=''
AMDEP_FALSE=''
AMDEP_TRUE=''
AMTAR='${SHELL} /home/vinay/workspace/gitlab/Open-PNL/engines/PNL/missing --run tar'
AR=''
AUTOCONF='${SHELL} /home/vinay/workspace/gitlab/Open-PNL/engines/PNL/missing --run autoconf'
AUTOHEADER='${SHELL} /home/vinay/workspace/gitlab/Open-PNL/engines/PNL/missing --run autoheader'
AUTOMAKE='${SHELL} /home/vinay/workspace/gitlab/Open-PNL/engines/PNL/missing --run automake-1.8'
AWK='mawk'
BINARY_AGE='0'
CC='gcc-4.6'
CCDEPMODE=''
CFLAGS=''
CPP=''
CPPFLAGS=''
CXX='g++-4.6'
CXXCPP=''
CXXDEPMODE=''
CXXFLAGS=''
CYGPATH_W='echo'
DEBUG=''
DEFS=''
DEPDIR=''
ECHO='echo'
ECHO_C=''
ECHO_N='-n'
ECHO_T=''
EGREP=''
EXEEXT=''
F77=''
FFLAGS=''
INSTALL_DATA='${INSTALL} -m 644'
INSTALL_PROGRAM='${INSTALL}'
INSTALL_SCRIPT='${INSTALL}'
INSTALL_STRIP_PROGRAM='${SHELL} $(install_sh) -c -s'
INTERFACE_AGE='0'
LDFLAGS=''
LIBOBJS=''
LIBS=''
LIBTOOL=''
LN_S=''
LTLIBOBJS=''
LT_AGE=''
LT_CURRENT=''
LT_RELEASE=''
LT_REVISION=''
MAINT='#'
MAINTAINER_MODE_FALSE=''
MAINTAINER_MODE_TRUE='#'
MAKEINFO='${SHELL} /home/vinay/workspace/gitlab/Open-PNL/engines/PNL/missing --run makeinfo'
OBJEXT=''
PACKAGE='pnl'
PACKAGE_BUGREPORT=''
PACKAGE_NAME='pnl'
PACKAGE_STRING='pnl 0.2.23'
PACKAGE_TARNAME='pnl'
PACKAGE_VERSION='0.2.23'
PATH_SEPARATOR=':'
PNLMAJOR='0'
PNLMINOR='2'
PNLSUBMINOR='23'
RANLIB=''
SET_MAKE=''
SHELL='/bin/sh'
STRIP=''
VERSION='0.2.23'
ac_ct_AR=''
ac_ct_CC='gcc-4.6'
ac_ct_CXX=''
ac_ct_F77=''
ac_ct_RANLIB=''
ac_ct_STRIP=''
am__configure_deps=''
am__fastdepCC_FALSE=''
am__fastdepCC_TRUE=''
am__fastdepCXX_FALSE=''
am__fastdepCXX_TRUE=''
am__include=''
am__leading_dot='.'
am__quote=''
bindir='${exec_prefix}/bin'
build='x86_64-unknown-linux-gnu'
build_alias=''
build_cpu='x86_64'
build_os='linux-gnu'
build_vendor='unknown'
datadir='${prefix}/share'
exec_prefix='NONE'
host='x86_64-unknown-linux-gnu'
host_alias=''
host_cpu='x86_64'
host_os='linux-gnu'
host_vendor='unknown'
includedir='${prefix}/include'
infodir='${prefix}/info'
install_sh='/home/vinay/workspace/gitlab/Open-PNL/engines/PNL/install-sh'
libdir='${exec_prefix}/lib'
libexecdir='${exec_prefix}/libexec'
localstatedir='${prefix}/var'
mandir='${prefix}/man'
mkdir_p='mkdir -p -- .'
oldincludedir='/usr/include'
prefix='NONE'
program_transform_name='s,x,x,'
sbindir='${exec_prefix}/sbin'
sharedstatedir='${prefix}/com'
sysconfdir='${prefix}/etc'
target='x86_64-unknown-linux-gnu'
target_alias=''
target_cpu='x86_64'
target_os='linux-gnu'
target_vendor='unknown'

## ----------- ##
## confdefs.h. ##
## ----------- ##

#define PACKAGE "pnl"
#define PACKAGE_BUGREPORT ""
#define PACKAGE_NAME "pnl"
#define PACKAGE_STRING "pnl 0.2.23"
#define PACKAGE_TARNAME "pnl"
#define PACKAGE_VERSION "0.2.23"
#define VERSION "0.2.23"

configure: exit 77
