Using built-in specs.
COLLECT_GCC=g++-4.6
COLLECT_LTO_WRAPPER=/usr/lib/gcc/x86_64-linux-gnu/4.6/lto-wrapper
Target: x86_64-linux-gnu
Configured with: ../src/configure -v --with-pkgversion='Ubuntu/Linaro 4.6.4-6ubuntu2' --with-bugurl=file:///usr/share/doc/gcc-4.6/README.Bugs --enable-languages=c,c++,fortran,objc,obj-c++ --prefix=/usr --program-suffix=-4.6 --enable-shared --enable-linker-build-id --with-system-zlib --libexecdir=/usr/lib --without-included-gettext --enable-threads=posix --with-gxx-include-dir=/usr/include/c++/4.6 --libdir=/usr/lib --enable-nls --with-sysroot=/ --enable-clocale=gnu --enable-libstdcxx-debug --enable-gnu-unique-object --disable-libmudflap --enable-plugin --enable-objc-gc --disable-werror --with-arch-32=i686 --with-tune=generic --enable-checking=release --build=x86_64-linux-gnu --host=x86_64-linux-gnu --target=x86_64-linux-gnu
Thread model: posix
gcc version 4.6.4 (Ubuntu/Linaro 4.6.4-6ubuntu2) 
COLLECT_GCC_OPTIONS='-v' '-m32' '-I' '../include' '-I' '../include/opencx' '-I' '../high/include' '-I' '../high/examples' '-I' '../examples/testLIMID/includ' '-I' '../examples/testSoftMax/include' '-I' '../examples/parPNLTest/include' '-L/usr/lib32/' '-o' 'convertion_learn_structure' '-L../lib/' '-shared-libgcc' '-mtune=generic' '-march=i686'
 /usr/lib/gcc/x86_64-linux-gnu/4.6/cc1plus -quiet -v -I ../include -I ../include/opencx -I ../high/include -I ../high/examples -I ../examples/testLIMID/includ -I ../examples/testSoftMax/include -I ../examples/parPNLTest/include -imultilib 32 -imultiarch i386-linux-gnu -D_GNU_SOURCE convertion_learn_structure.cpp -quiet -dumpbase convertion_learn_structure.cpp -m32 -mtune=generic -march=i686 -auxbase convertion_learn_structure -version -fstack-protector -o /tmp/ccb5HrjZ.s
GNU C++ (Ubuntu/Linaro 4.6.4-6ubuntu2) version 4.6.4 (x86_64-linux-gnu)
	compiled by GNU C version 4.6.4, GMP version 5.1.3, MPFR version 3.1.2-p3, MPC version 1.0.1
GGC heuristics: --param ggc-min-expand=100 --param ggc-min-heapsize=131072
ignoring nonexistent directory "/usr/local/include/i386-linux-gnu"
ignoring nonexistent directory "/usr/lib/gcc/x86_64-linux-gnu/4.6/../../../../x86_64-linux-gnu/include"
ignoring nonexistent directory "/usr/include/i386-linux-gnu"
ignoring nonexistent directory "../examples/testLIMID/includ"
#include "..." search starts here:
#include <...> search starts here:
 ../include
 ../include/opencx
 ../high/include
 ../high/examples
 ../examples/testSoftMax/include
 ../examples/parPNLTest/include
 /usr/include/c++/4.6
 /usr/include/c++/4.6/x86_64-linux-gnu/32
 /usr/include/c++/4.6/backward
 /usr/lib/gcc/x86_64-linux-gnu/4.6/include
 /usr/local/include
 /usr/lib/gcc/x86_64-linux-gnu/4.6/include-fixed
 /usr/include
End of search list.
GNU C++ (Ubuntu/Linaro 4.6.4-6ubuntu2) version 4.6.4 (x86_64-linux-gnu)
	compiled by GNU C version 4.6.4, GMP version 5.1.3, MPFR version 3.1.2-p3, MPC version 1.0.1
GGC heuristics: --param ggc-min-expand=100 --param ggc-min-heapsize=131072
Compiler executable checksum: 7bb1bc0b852f97dd8807aaa81b852751
In file included from ../high/include/BNet.hpp:11:0,
                 from ../high/include/pnlHigh.hpp:3,
                 from convertion_learn_structure.cpp:2:
../high/include/ModelEngine.hpp:24:5: warning: ‘typedef’ was ignored in this declaration [enabled by default]
COLLECT_GCC_OPTIONS='-v' '-m32' '-I' '../include' '-I' '../include/opencx' '-I' '../high/include' '-I' '../high/examples' '-I' '../examples/testLIMID/includ' '-I' '../examples/testSoftMax/include' '-I' '../examples/parPNLTest/include' '-L/usr/lib32/' '-o' 'convertion_learn_structure' '-L../lib/' '-shared-libgcc' '-mtune=generic' '-march=i686'
 as --32 -o /tmp/ccjdnR4n.o /tmp/ccb5HrjZ.s
COMPILER_PATH=/usr/lib/gcc/x86_64-linux-gnu/4.6/:/usr/lib/gcc/x86_64-linux-gnu/4.6/:/usr/lib/gcc/x86_64-linux-gnu/:/usr/lib/gcc/x86_64-linux-gnu/4.6/:/usr/lib/gcc/x86_64-linux-gnu/
LIBRARY_PATH=/usr/lib/gcc/x86_64-linux-gnu/4.6/32/:/usr/lib/gcc/x86_64-linux-gnu/4.6/../../../../lib32/:/lib/../lib32/:/usr/lib/../lib32/:/usr/lib/gcc/x86_64-linux-gnu/4.6/:/usr/lib/gcc/x86_64-linux-gnu/4.6/../../../:/lib/:/usr/lib/
COLLECT_GCC_OPTIONS='-v' '-m32' '-I' '../include' '-I' '../include/opencx' '-I' '../high/include' '-I' '../high/examples' '-I' '../examples/testLIMID/includ' '-I' '../examples/testSoftMax/include' '-I' '../examples/parPNLTest/include' '-L/usr/lib32/' '-o' 'convertion_learn_structure' '-L../lib/' '-shared-libgcc' '-mtune=generic' '-march=i686'
 /usr/lib/gcc/x86_64-linux-gnu/4.6/collect2 --sysroot=/ --build-id --no-add-needed --as-needed --eh-frame-hdr -m elf_i386 --hash-style=gnu -dynamic-linker /lib/ld-linux.so.2 -z relro -o convertion_learn_structure /usr/lib/gcc/x86_64-linux-gnu/4.6/../../../../lib32/crt1.o /usr/lib/gcc/x86_64-linux-gnu/4.6/../../../../lib32/crti.o /usr/lib/gcc/x86_64-linux-gnu/4.6/32/crtbegin.o -L/usr/lib32/ -L../lib/ -L/usr/lib/gcc/x86_64-linux-gnu/4.6/32 -L/usr/lib/gcc/x86_64-linux-gnu/4.6/../../../../lib32 -L/lib/../lib32 -L/usr/lib/../lib32 -L/usr/lib/gcc/x86_64-linux-gnu/4.6 -L/usr/lib/gcc/x86_64-linux-gnu/4.6/../../.. -lstdc++ /tmp/ccjdnR4n.o -lpnl -lhigh -lcxcore -lstdc++ -lm -lgcc_s -lgcc -lc -lgcc_s -lgcc /usr/lib/gcc/x86_64-linux-gnu/4.6/32/crtend.o /usr/lib/gcc/x86_64-linux-gnu/4.6/../../../../lib32/crtn.o
